2021-08-09 15:14:54.172  INFO 7948 --- [restartedMain] o.s.b.w.embedded.tomcat.TomcatWebServer  : Tomcat initialized with port(s): 8080 (http)
2021-08-09 15:14:54.174  INFO 7948 --- [restartedMain] o.apache.catalina.core.StandardService   : Starting service [Tomcat]
2021-08-09 15:14:54.174  INFO 7948 --- [restartedMain] org.apache.catalina.core.StandardEngine  : Starting Servlet engine: [Apache Tomcat/9.0.50]
2021-08-09 15:14:54.185  INFO 7948 --- [restartedMain] o.a.c.c.C.[Tomcat-1].[localhost].[/]     : Initializing Spring embedded WebApplicationContext
2021-08-09 15:14:54.186  INFO 7948 --- [restartedMain] w.s.c.ServletWebServerApplicationContext : Root WebApplicationContext: initialization completed in 145 ms
2021-08-09 15:14:54.234  INFO 7948 --- [restartedMain] o.s.b.d.a.OptionalLiveReloadServer       : LiveReload server is running on port 35729
2021-08-09 15:14:54.238  INFO 7948 --- [restartedMain] o.s.b.w.embedded.tomcat.TomcatWebServer  : Tomcat started on port(s): 8080 (http) with context path ''
2021-08-09 15:14:54.241  WARN 7948 --- [restartedMain] com.dogyun.chapter3.LoggingRunner        : WARN 로그 메시지
2021-08-09 15:14:54.241 ERROR 7948 --- [restartedMain] com.dogyun.chapter3.LoggingRunner        : ERROR 로그 메시지
2021-08-09 15:14:54.242  INFO 7948 --- [restartedMain] .ConditionEvaluationDeltaLoggingListener : Condition evaluation unchanged
2021-08-09 15:14:55.978  INFO 7948 --- [restartedMain] o.s.b.w.embedded.tomcat.TomcatWebServer  : Tomcat initialized with port(s): 8080 (http)
2021-08-09 15:14:55.980  INFO 7948 --- [restartedMain] o.apache.catalina.core.StandardService   : Starting service [Tomcat]
2021-08-09 15:14:55.980  INFO 7948 --- [restartedMain] org.apache.catalina.core.StandardEngine  : Starting Servlet engine: [Apache Tomcat/9.0.50]
2021-08-09 15:14:55.991  INFO 7948 --- [restartedMain] o.a.c.c.C.[Tomcat-1].[localhost].[/]     : Initializing Spring embedded WebApplicationContext
2021-08-09 15:14:55.991  INFO 7948 --- [restartedMain] w.s.c.ServletWebServerApplicationContext : Root WebApplicationContext: initialization completed in 140 ms
2021-08-09 15:14:56.035  INFO 7948 --- [restartedMain] o.s.b.d.a.OptionalLiveReloadServer       : LiveReload server is running on port 35729
2021-08-09 15:14:56.040  INFO 7948 --- [restartedMain] o.s.b.w.embedded.tomcat.TomcatWebServer  : Tomcat started on port(s): 8080 (http) with context path ''
2021-08-09 15:14:56.042  WARN 7948 --- [restartedMain] com.dogyun.chapter3.LoggingRunner        : WARN 로그 메시지
2021-08-09 15:14:56.042 ERROR 7948 --- [restartedMain] com.dogyun.chapter3.LoggingRunner        : ERROR 로그 메시지
2021-08-09 15:14:56.043  INFO 7948 --- [restartedMain] .ConditionEvaluationDeltaLoggingListener : Condition evaluation unchanged
2021-08-09 15:14:57.816  INFO 7948 --- [restartedMain] o.s.b.w.embedded.tomcat.TomcatWebServer  : Tomcat initialized with port(s): 8080 (http)
2021-08-09 15:14:57.818  INFO 7948 --- [restartedMain] o.apache.catalina.core.StandardService   : Starting service [Tomcat]
2021-08-09 15:14:57.819  INFO 7948 --- [restartedMain] org.apache.catalina.core.StandardEngine  : Starting Servlet engine: [Apache Tomcat/9.0.50]
2021-08-09 15:14:57.828  INFO 7948 --- [restartedMain] o.a.c.c.C.[Tomcat-1].[localhost].[/]     : Initializing Spring embedded WebApplicationContext
2021-08-09 15:14:57.829  INFO 7948 --- [restartedMain] w.s.c.ServletWebServerApplicationContext : Root WebApplicationContext: initialization completed in 158 ms
2021-08-09 15:14:57.872  INFO 7948 --- [restartedMain] o.s.b.d.a.OptionalLiveReloadServer       : LiveReload server is running on port 35729
2021-08-09 15:14:57.877  INFO 7948 --- [restartedMain] o.s.b.w.embedded.tomcat.TomcatWebServer  : Tomcat started on port(s): 8080 (http) with context path ''
2021-08-09 15:14:57.880  WARN 7948 --- [restartedMain] com.dogyun.chapter3.LoggingRunner        : WARN 로그 메시지
2021-08-09 15:14:57.880 ERROR 7948 --- [restartedMain] com.dogyun.chapter3.LoggingRunner        : ERROR 로그 메시지
2021-08-09 15:14:57.882  INFO 7948 --- [restartedMain] .ConditionEvaluationDeltaLoggingListener : Condition evaluation unchanged
2021-08-09 15:15:00.637  INFO 7948 --- [restartedMain] o.s.b.w.embedded.tomcat.TomcatWebServer  : Tomcat initialized with port(s): 8080 (http)
2021-08-09 15:15:00.638  INFO 7948 --- [restartedMain] o.apache.catalina.core.StandardService   : Starting service [Tomcat]
2021-08-09 15:15:00.639  INFO 7948 --- [restartedMain] org.apache.catalina.core.StandardEngine  : Starting Servlet engine: [Apache Tomcat/9.0.50]
2021-08-09 15:15:00.648  INFO 7948 --- [restartedMain] o.a.c.c.C.[Tomcat-1].[localhost].[/]     : Initializing Spring embedded WebApplicationContext
2021-08-09 15:15:00.648  INFO 7948 --- [restartedMain] w.s.c.ServletWebServerApplicationContext : Root WebApplicationContext: initialization completed in 140 ms
2021-08-09 15:15:00.690  INFO 7948 --- [restartedMain] o.s.b.d.a.OptionalLiveReloadServer       : LiveReload server is running on port 35729
2021-08-09 15:15:00.696  INFO 7948 --- [restartedMain] o.s.b.w.embedded.tomcat.TomcatWebServer  : Tomcat started on port(s): 8080 (http) with context path ''
2021-08-09 15:15:00.698  WARN 7948 --- [restartedMain] com.dogyun.chapter3.LoggingRunner        : WARN 로그 메시지
2021-08-09 15:15:00.699 ERROR 7948 --- [restartedMain] com.dogyun.chapter3.LoggingRunner        : ERROR 로그 메시지
2021-08-09 15:15:00.701  INFO 7948 --- [restartedMain] .ConditionEvaluationDeltaLoggingListener : Condition evaluation unchanged
2021-08-09 15:15:02.438  INFO 7948 --- [restartedMain] o.s.b.w.embedded.tomcat.TomcatWebServer  : Tomcat initialized with port(s): 8080 (http)
2021-08-09 15:15:02.440  INFO 7948 --- [restartedMain] o.apache.catalina.core.StandardService   : Starting service [Tomcat]
2021-08-09 15:15:02.440  INFO 7948 --- [restartedMain] org.apache.catalina.core.StandardEngine  : Starting Servlet engine: [Apache Tomcat/9.0.50]
2021-08-09 15:15:02.450  INFO 7948 --- [restartedMain] o.a.c.c.C.[Tomcat-1].[localhost].[/]     : Initializing Spring embedded WebApplicationContext
2021-08-09 15:15:02.451  INFO 7948 --- [restartedMain] w.s.c.ServletWebServerApplicationContext : Root WebApplicationContext: initialization completed in 135 ms
2021-08-09 15:15:02.493  INFO 7948 --- [restartedMain] o.s.b.d.a.OptionalLiveReloadServer       : LiveReload server is running on port 35729
2021-08-09 15:15:02.498  INFO 7948 --- [restartedMain] o.s.b.w.embedded.tomcat.TomcatWebServer  : Tomcat started on port(s): 8080 (http) with context path ''
2021-08-09 15:15:02.501  WARN 7948 --- [restartedMain] com.dogyun.chapter3.LoggingRunner        : WARN 로그 메시지
2021-08-09 15:15:02.501 ERROR 7948 --- [restartedMain] com.dogyun.chapter3.LoggingRunner        : ERROR 로그 메시지
2021-08-09 15:15:02.503  INFO 7948 --- [restartedMain] .ConditionEvaluationDeltaLoggingListener : Condition evaluation unchanged
2021-08-09 15:15:04.230  INFO 7948 --- [restartedMain] o.s.b.w.embedded.tomcat.TomcatWebServer  : Tomcat initialized with port(s): 8080 (http)
2021-08-09 15:15:04.232  INFO 7948 --- [restartedMain] o.apache.catalina.core.StandardService   : Starting service [Tomcat]
2021-08-09 15:15:04.233  INFO 7948 --- [restartedMain] org.apache.catalina.core.StandardEngine  : Starting Servlet engine: [Apache Tomcat/9.0.50]
2021-08-09 15:15:04.242  INFO 7948 --- [restartedMain] o.a.c.c.C.[Tomcat-1].[localhost].[/]     : Initializing Spring embedded WebApplicationContext
2021-08-09 15:15:04.243  INFO 7948 --- [restartedMain] w.s.c.ServletWebServerApplicationContext : Root WebApplicationContext: initialization completed in 128 ms
2021-08-09 15:15:04.283  INFO 7948 --- [restartedMain] o.s.b.d.a.OptionalLiveReloadServer       : LiveReload server is running on port 35729
2021-08-09 15:15:04.289  INFO 7948 --- [restartedMain] o.s.b.w.embedded.tomcat.TomcatWebServer  : Tomcat started on port(s): 8080 (http) with context path ''
2021-08-09 15:15:04.291  WARN 7948 --- [restartedMain] com.dogyun.chapter3.LoggingRunner        : WARN 로그 메시지
2021-08-09 15:15:04.291 ERROR 7948 --- [restartedMain] com.dogyun.chapter3.LoggingRunner        : ERROR 로그 메시지
2021-08-09 15:15:04.292  INFO 7948 --- [restartedMain] .ConditionEvaluationDeltaLoggingListener : Condition evaluation unchanged
2021-08-09 15:15:07.065  INFO 7948 --- [restartedMain] o.s.b.w.embedded.tomcat.TomcatWebServer  : Tomcat initialized with port(s): 8080 (http)
2021-08-09 15:15:07.067  INFO 7948 --- [restartedMain] o.apache.catalina.core.StandardService   : Starting service [Tomcat]
2021-08-09 15:15:07.068  INFO 7948 --- [restartedMain] org.apache.catalina.core.StandardEngine  : Starting Servlet engine: [Apache Tomcat/9.0.50]
2021-08-09 15:15:07.078  INFO 7948 --- [restartedMain] o.a.c.c.C.[Tomcat-1].[localhost].[/]     : Initializing Spring embedded WebApplicationContext
2021-08-09 15:15:07.078  INFO 7948 --- [restartedMain] w.s.c.ServletWebServerApplicationContext : Root WebApplicationContext: initialization completed in 155 ms
2021-08-09 15:15:07.118  INFO 7948 --- [restartedMain] o.s.b.d.a.OptionalLiveReloadServer       : LiveReload server is running on port 35729
2021-08-09 15:15:07.123  INFO 7948 --- [restartedMain] o.s.b.w.embedded.tomcat.TomcatWebServer  : Tomcat started on port(s): 8080 (http) with context path ''
2021-08-09 15:15:07.125  WARN 7948 --- [restartedMain] com.dogyun.chapter3.LoggingRunner        : WARN 로그 메시지
2021-08-09 15:15:07.126 ERROR 7948 --- [restartedMain] com.dogyun.chapter3.LoggingRunner        : ERROR 로그 메시지
2021-08-09 15:15:07.127  INFO 7948 --- [restartedMain] .ConditionEvaluationDeltaLoggingListener : Condition evaluation unchanged
2021-08-09 15:15:08.837  INFO 7948 --- [restartedMain] o.s.b.w.embedded.tomcat.TomcatWebServer  : Tomcat initialized with port(s): 8080 (http)
2021-08-09 15:15:08.838  INFO 7948 --- [restartedMain] o.apache.catalina.core.StandardService   : Starting service [Tomcat]
2021-08-09 15:15:08.839  INFO 7948 --- [restartedMain] org.apache.catalina.core.StandardEngine  : Starting Servlet engine: [Apache Tomcat/9.0.50]
2021-08-09 15:15:08.849  INFO 7948 --- [restartedMain] o.a.c.c.C.[Tomcat-1].[localhost].[/]     : Initializing Spring embedded WebApplicationContext
2021-08-09 15:15:08.850  INFO 7948 --- [restartedMain] w.s.c.ServletWebServerApplicationContext : Root WebApplicationContext: initialization completed in 129 ms
2021-08-09 15:15:08.915  INFO 7948 --- [restartedMain] o.s.b.d.a.OptionalLiveReloadServer       : LiveReload server is running on port 35729
2021-08-09 15:15:08.920  INFO 7948 --- [restartedMain] o.s.b.w.embedded.tomcat.TomcatWebServer  : Tomcat started on port(s): 8080 (http) with context path ''
2021-08-09 15:15:08.922  WARN 7948 --- [restartedMain] com.dogyun.chapter3.LoggingRunner        : WARN 로그 메시지
2021-08-09 15:15:08.923 ERROR 7948 --- [restartedMain] com.dogyun.chapter3.LoggingRunner        : ERROR 로그 메시지
2021-08-09 15:15:08.924  INFO 7948 --- [restartedMain] .ConditionEvaluationDeltaLoggingListener : Condition evaluation unchanged
2021-08-09 15:15:10.649  INFO 7948 --- [restartedMain] o.s.b.w.embedded.tomcat.TomcatWebServer  : Tomcat initialized with port(s): 8080 (http)
2021-08-09 15:15:10.651  INFO 7948 --- [restartedMain] o.apache.catalina.core.StandardService   : Starting service [Tomcat]
2021-08-09 15:15:10.651  INFO 7948 --- [restartedMain] org.apache.catalina.core.StandardEngine  : Starting Servlet engine: [Apache Tomcat/9.0.50]
2021-08-09 15:15:10.660  INFO 7948 --- [restartedMain] o.a.c.c.C.[Tomcat-1].[localhost].[/]     : Initializing Spring embedded WebApplicationContext
2021-08-09 15:15:10.661  INFO 7948 --- [restartedMain] w.s.c.ServletWebServerApplicationContext : Root WebApplicationContext: initialization completed in 123 ms
2021-08-09 15:15:10.704  INFO 7948 --- [restartedMain] o.s.b.d.a.OptionalLiveReloadServer       : LiveReload server is running on port 35729
2021-08-09 15:15:10.709  INFO 7948 --- [restartedMain] o.s.b.w.embedded.tomcat.TomcatWebServer  : Tomcat started on port(s): 8080 (http) with context path ''
2021-08-09 15:15:10.711  WARN 7948 --- [restartedMain] com.dogyun.chapter3.LoggingRunner        : WARN 로그 메시지
2021-08-09 15:15:10.712 ERROR 7948 --- [restartedMain] com.dogyun.chapter3.LoggingRunner        : ERROR 로그 메시지
2021-08-09 15:15:10.713  INFO 7948 --- [restartedMain] .ConditionEvaluationDeltaLoggingListener : Condition evaluation unchanged
2021-08-09 15:15:13.476  INFO 7948 --- [restartedMain] o.s.b.w.embedded.tomcat.TomcatWebServer  : Tomcat initialized with port(s): 8080 (http)
2021-08-09 15:15:13.478  INFO 7948 --- [restartedMain] o.apache.catalina.core.StandardService   : Starting service [Tomcat]
2021-08-09 15:15:13.478  INFO 7948 --- [restartedMain] org.apache.catalina.core.StandardEngine  : Starting Servlet engine: [Apache Tomcat/9.0.50]
2021-08-09 15:15:13.489  INFO 7948 --- [restartedMain] o.a.c.c.C.[Tomcat-1].[localhost].[/]     : Initializing Spring embedded WebApplicationContext
2021-08-09 15:15:13.490  INFO 7948 --- [restartedMain] w.s.c.ServletWebServerApplicationContext : Root WebApplicationContext: initialization completed in 124 ms
2021-08-09 15:15:13.535  INFO 7948 --- [restartedMain] o.s.b.d.a.OptionalLiveReloadServer       : LiveReload server is running on port 35729
2021-08-09 15:15:13.539  INFO 7948 --- [restartedMain] o.s.b.w.embedded.tomcat.TomcatWebServer  : Tomcat started on port(s): 8080 (http) with context path ''
2021-08-09 15:15:13.542  WARN 7948 --- [restartedMain] com.dogyun.chapter3.LoggingRunner        : WARN 로그 메시지
2021-08-09 15:15:13.542 ERROR 7948 --- [restartedMain] com.dogyun.chapter3.LoggingRunner        : ERROR 로그 메시지
2021-08-09 15:15:13.543  INFO 7948 --- [restartedMain] .ConditionEvaluationDeltaLoggingListener : Condition evaluation unchanged
2021-08-09 15:15:15.249  INFO 7948 --- [restartedMain] o.s.b.w.embedded.tomcat.TomcatWebServer  : Tomcat initialized with port(s): 8080 (http)
2021-08-09 15:15:15.250  INFO 7948 --- [restartedMain] o.apache.catalina.core.StandardService   : Starting service [Tomcat]
2021-08-09 15:15:15.251  INFO 7948 --- [restartedMain] org.apache.catalina.core.StandardEngine  : Starting Servlet engine: [Apache Tomcat/9.0.50]
2021-08-09 15:15:15.260  INFO 7948 --- [restartedMain] o.a.c.c.C.[Tomcat-1].[localhost].[/]     : Initializing Spring embedded WebApplicationContext
2021-08-09 15:15:15.261  INFO 7948 --- [restartedMain] w.s.c.ServletWebServerApplicationContext : Root WebApplicationContext: initialization completed in 115 ms
2021-08-09 15:15:15.300  INFO 7948 --- [restartedMain] o.s.b.d.a.OptionalLiveReloadServer       : LiveReload server is running on port 35729
2021-08-09 15:15:15.304  INFO 7948 --- [restartedMain] o.s.b.w.embedded.tomcat.TomcatWebServer  : Tomcat started on port(s): 8080 (http) with context path ''
2021-08-09 15:15:15.307  WARN 7948 --- [restartedMain] com.dogyun.chapter3.LoggingRunner        : WARN 로그 메시지
2021-08-09 15:15:15.308 ERROR 7948 --- [restartedMain] com.dogyun.chapter3.LoggingRunner        : ERROR 로그 메시지
2021-08-09 15:15:15.309  INFO 7948 --- [restartedMain] .ConditionEvaluationDeltaLoggingListener : Condition evaluation unchanged
2021-08-09 15:15:18.047  INFO 7948 --- [restartedMain] o.s.b.w.embedded.tomcat.TomcatWebServer  : Tomcat initialized with port(s): 8080 (http)
2021-08-09 15:15:18.048  INFO 7948 --- [restartedMain] o.apache.catalina.core.StandardService   : Starting service [Tomcat]
2021-08-09 15:15:18.049  INFO 7948 --- [restartedMain] org.apache.catalina.core.StandardEngine  : Starting Servlet engine: [Apache Tomcat/9.0.50]
2021-08-09 15:15:18.058  INFO 7948 --- [restartedMain] o.a.c.c.C.[Tomcat-1].[localhost].[/]     : Initializing Spring embedded WebApplicationContext
2021-08-09 15:15:18.059  INFO 7948 --- [restartedMain] w.s.c.ServletWebServerApplicationContext : Root WebApplicationContext: initialization completed in 115 ms
2021-08-09 15:15:18.098  INFO 7948 --- [restartedMain] o.s.b.d.a.OptionalLiveReloadServer       : LiveReload server is running on port 35729
2021-08-09 15:15:18.102  INFO 7948 --- [restartedMain] o.s.b.w.embedded.tomcat.TomcatWebServer  : Tomcat started on port(s): 8080 (http) with context path ''
2021-08-09 15:15:18.104  WARN 7948 --- [restartedMain] com.dogyun.chapter3.LoggingRunner        : WARN 로그 메시지
2021-08-09 15:15:18.105 ERROR 7948 --- [restartedMain] com.dogyun.chapter3.LoggingRunner        : ERROR 로그 메시지
2021-08-09 15:15:18.105  INFO 7948 --- [restartedMain] .ConditionEvaluationDeltaLoggingListener : Condition evaluation unchanged
2021-08-09 15:15:19.828  INFO 7948 --- [restartedMain] o.s.b.w.embedded.tomcat.TomcatWebServer  : Tomcat initialized with port(s): 8080 (http)
2021-08-09 15:15:19.829  INFO 7948 --- [restartedMain] o.apache.catalina.core.StandardService   : Starting service [Tomcat]
2021-08-09 15:15:19.830  INFO 7948 --- [restartedMain] org.apache.catalina.core.StandardEngine  : Starting Servlet engine: [Apache Tomcat/9.0.50]
2021-08-09 15:15:19.841  INFO 7948 --- [restartedMain] o.a.c.c.C.[Tomcat-1].[localhost].[/]     : Initializing Spring embedded WebApplicationContext
2021-08-09 15:15:19.842  INFO 7948 --- [restartedMain] w.s.c.ServletWebServerApplicationContext : Root WebApplicationContext: initialization completed in 126 ms
2021-08-09 15:15:19.880  INFO 7948 --- [restartedMain] o.s.b.d.a.OptionalLiveReloadServer       : LiveReload server is running on port 35729
2021-08-09 15:15:19.886  INFO 7948 --- [restartedMain] o.s.b.w.embedded.tomcat.TomcatWebServer  : Tomcat started on port(s): 8080 (http) with context path ''
2021-08-09 15:15:19.888  WARN 7948 --- [restartedMain] com.dogyun.chapter3.LoggingRunner        : WARN 로그 메시지
2021-08-09 15:15:19.888 ERROR 7948 --- [restartedMain] com.dogyun.chapter3.LoggingRunner        : ERROR 로그 메시지
2021-08-09 15:15:19.889  INFO 7948 --- [restartedMain] .ConditionEvaluationDeltaLoggingListener : Condition evaluation unchanged
2021-08-09 15:15:21.593  INFO 7948 --- [restartedMain] o.s.b.w.embedded.tomcat.TomcatWebServer  : Tomcat initialized with port(s): 8080 (http)
2021-08-09 15:15:21.594  INFO 7948 --- [restartedMain] o.apache.catalina.core.StandardService   : Starting service [Tomcat]
2021-08-09 15:15:21.595  INFO 7948 --- [restartedMain] org.apache.catalina.core.StandardEngine  : Starting Servlet engine: [Apache Tomcat/9.0.50]
2021-08-09 15:15:21.604  INFO 7948 --- [restartedMain] o.a.c.c.C.[Tomcat-1].[localhost].[/]     : Initializing Spring embedded WebApplicationContext
2021-08-09 15:15:21.604  INFO 7948 --- [restartedMain] w.s.c.ServletWebServerApplicationContext : Root WebApplicationContext: initialization completed in 113 ms
2021-08-09 15:15:21.638  INFO 7948 --- [restartedMain] o.s.b.d.a.OptionalLiveReloadServer       : LiveReload server is running on port 35729
2021-08-09 15:15:21.643  INFO 7948 --- [restartedMain] o.s.b.w.embedded.tomcat.TomcatWebServer  : Tomcat started on port(s): 8080 (http) with context path ''
2021-08-09 15:15:21.645  WARN 7948 --- [restartedMain] com.dogyun.chapter3.LoggingRunner        : WARN 로그 메시지
2021-08-09 15:15:21.645 ERROR 7948 --- [restartedMain] com.dogyun.chapter3.LoggingRunner        : ERROR 로그 메시지
2021-08-09 15:15:21.647  INFO 7948 --- [restartedMain] .ConditionEvaluationDeltaLoggingListener : Condition evaluation unchanged
2021-08-09 15:15:24.385  INFO 7948 --- [restartedMain] o.s.b.w.embedded.tomcat.TomcatWebServer  : Tomcat initialized with port(s): 8080 (http)
2021-08-09 15:15:24.386  INFO 7948 --- [restartedMain] o.apache.catalina.core.StandardService   : Starting service [Tomcat]
2021-08-09 15:15:24.386  INFO 7948 --- [restartedMain] org.apache.catalina.core.StandardEngine  : Starting Servlet engine: [Apache Tomcat/9.0.50]
2021-08-09 15:15:24.394  INFO 7948 --- [restartedMain] o.a.c.c.C.[Tomcat-1].[localhost].[/]     : Initializing Spring embedded WebApplicationContext
2021-08-09 15:15:24.395  INFO 7948 --- [restartedMain] w.s.c.ServletWebServerApplicationContext : Root WebApplicationContext: initialization completed in 107 ms
2021-08-09 15:15:24.429  INFO 7948 --- [restartedMain] o.s.b.d.a.OptionalLiveReloadServer       : LiveReload server is running on port 35729
2021-08-09 15:15:24.434  INFO 7948 --- [restartedMain] o.s.b.w.embedded.tomcat.TomcatWebServer  : Tomcat started on port(s): 8080 (http) with context path ''
2021-08-09 15:15:24.436  WARN 7948 --- [restartedMain] com.dogyun.chapter3.LoggingRunner        : WARN 로그 메시지
2021-08-09 15:15:24.436 ERROR 7948 --- [restartedMain] com.dogyun.chapter3.LoggingRunner        : ERROR 로그 메시지
2021-08-09 15:15:24.436  INFO 7948 --- [restartedMain] .ConditionEvaluationDeltaLoggingListener : Condition evaluation unchanged
2021-08-09 15:15:26.157  INFO 7948 --- [restartedMain] o.s.b.w.embedded.tomcat.TomcatWebServer  : Tomcat initialized with port(s): 8080 (http)
2021-08-09 15:15:26.159  INFO 7948 --- [restartedMain] o.apache.catalina.core.StandardService   : Starting service [Tomcat]
2021-08-09 15:15:26.159  INFO 7948 --- [restartedMain] org.apache.catalina.core.StandardEngine  : Starting Servlet engine: [Apache Tomcat/9.0.50]
2021-08-09 15:15:26.168  INFO 7948 --- [restartedMain] o.a.c.c.C.[Tomcat-1].[localhost].[/]     : Initializing Spring embedded WebApplicationContext
2021-08-09 15:15:26.168  INFO 7948 --- [restartedMain] w.s.c.ServletWebServerApplicationContext : Root WebApplicationContext: initialization completed in 116 ms
2021-08-09 15:15:26.205  INFO 7948 --- [restartedMain] o.s.b.d.a.OptionalLiveReloadServer       : LiveReload server is running on port 35729
2021-08-09 15:15:26.209  INFO 7948 --- [restartedMain] o.s.b.w.embedded.tomcat.TomcatWebServer  : Tomcat started on port(s): 8080 (http) with context path ''
2021-08-09 15:15:26.212  WARN 7948 --- [restartedMain] com.dogyun.chapter3.LoggingRunner        : WARN 로그 메시지
2021-08-09 15:15:26.212 ERROR 7948 --- [restartedMain] com.dogyun.chapter3.LoggingRunner        : ERROR 로그 메시지
2021-08-09 15:15:26.213  INFO 7948 --- [restartedMain] .ConditionEvaluationDeltaLoggingListener : Condition evaluation unchanged
2021-08-09 15:15:27.935  INFO 7948 --- [restartedMain] o.s.b.w.embedded.tomcat.TomcatWebServer  : Tomcat initialized with port(s): 8080 (http)
2021-08-09 15:15:27.936  INFO 7948 --- [restartedMain] o.apache.catalina.core.StandardService   : Starting service [Tomcat]
2021-08-09 15:15:27.937  INFO 7948 --- [restartedMain] org.apache.catalina.core.StandardEngine  : Starting Servlet engine: [Apache Tomcat/9.0.50]
2021-08-09 15:15:27.946  INFO 7948 --- [restartedMain] o.a.c.c.C.[Tomcat-1].[localhost].[/]     : Initializing Spring embedded WebApplicationContext
2021-08-09 15:15:27.947  INFO 7948 --- [restartedMain] w.s.c.ServletWebServerApplicationContext : Root WebApplicationContext: initialization completed in 121 ms
2021-08-09 15:15:27.981  INFO 7948 --- [restartedMain] o.s.b.d.a.OptionalLiveReloadServer       : LiveReload server is running on port 35729
2021-08-09 15:15:27.986  INFO 7948 --- [restartedMain] o.s.b.w.embedded.tomcat.TomcatWebServer  : Tomcat started on port(s): 8080 (http) with context path ''
2021-08-09 15:15:27.988  WARN 7948 --- [restartedMain] com.dogyun.chapter3.LoggingRunner        : WARN 로그 메시지
2021-08-09 15:15:27.989 ERROR 7948 --- [restartedMain] com.dogyun.chapter3.LoggingRunner        : ERROR 로그 메시지
2021-08-09 15:15:27.990  INFO 7948 --- [restartedMain] .ConditionEvaluationDeltaLoggingListener : Condition evaluation unchanged
2021-08-09 15:15:30.722  INFO 7948 --- [restartedMain] o.s.b.w.embedded.tomcat.TomcatWebServer  : Tomcat initialized with port(s): 8080 (http)
2021-08-09 15:15:30.723  INFO 7948 --- [restartedMain] o.apache.catalina.core.StandardService   : Starting service [Tomcat]
2021-08-09 15:15:30.724  INFO 7948 --- [restartedMain] org.apache.catalina.core.StandardEngine  : Starting Servlet engine: [Apache Tomcat/9.0.50]
2021-08-09 15:15:30.743  INFO 7948 --- [restartedMain] o.a.c.c.C.[Tomcat-1].[localhost].[/]     : Initializing Spring embedded WebApplicationContext
2021-08-09 15:15:30.744  INFO 7948 --- [restartedMain] w.s.c.ServletWebServerApplicationContext : Root WebApplicationContext: initialization completed in 127 ms
2021-08-09 15:15:30.779  INFO 7948 --- [restartedMain] o.s.b.d.a.OptionalLiveReloadServer       : LiveReload server is running on port 35729
2021-08-09 15:15:30.784  INFO 7948 --- [restartedMain] o.s.b.w.embedded.tomcat.TomcatWebServer  : Tomcat started on port(s): 8080 (http) with context path ''
2021-08-09 15:15:30.786  WARN 7948 --- [restartedMain] com.dogyun.chapter3.LoggingRunner        : WARN 로그 메시지
2021-08-09 15:15:30.786 ERROR 7948 --- [restartedMain] com.dogyun.chapter3.LoggingRunner        : ERROR 로그 메시지
2021-08-09 15:15:30.787  INFO 7948 --- [restartedMain] .ConditionEvaluationDeltaLoggingListener : Condition evaluation unchanged
2021-08-09 15:15:32.492  INFO 7948 --- [restartedMain] o.s.b.w.embedded.tomcat.TomcatWebServer  : Tomcat initialized with port(s): 8080 (http)
2021-08-09 15:15:32.493  INFO 7948 --- [restartedMain] o.apache.catalina.core.StandardService   : Starting service [Tomcat]
2021-08-09 15:15:32.494  INFO 7948 --- [restartedMain] org.apache.catalina.core.StandardEngine  : Starting Servlet engine: [Apache Tomcat/9.0.50]
2021-08-09 15:15:32.504  INFO 7948 --- [restartedMain] o.a.c.c.C.[Tomcat-1].[localhost].[/]     : Initializing Spring embedded WebApplicationContext
2021-08-09 15:15:32.504  INFO 7948 --- [restartedMain] w.s.c.ServletWebServerApplicationContext : Root WebApplicationContext: initialization completed in 125 ms
2021-08-09 15:15:32.538  INFO 7948 --- [restartedMain] o.s.b.d.a.OptionalLiveReloadServer       : LiveReload server is running on port 35729
2021-08-09 15:15:32.543  INFO 7948 --- [restartedMain] o.s.b.w.embedded.tomcat.TomcatWebServer  : Tomcat started on port(s): 8080 (http) with context path ''
2021-08-09 15:15:32.544  WARN 7948 --- [restartedMain] com.dogyun.chapter3.LoggingRunner        : WARN 로그 메시지
2021-08-09 15:15:32.545 ERROR 7948 --- [restartedMain] com.dogyun.chapter3.LoggingRunner        : ERROR 로그 메시지
2021-08-09 15:15:32.546  INFO 7948 --- [restartedMain] .ConditionEvaluationDeltaLoggingListener : Condition evaluation unchanged
2021-08-09 15:15:34.263  INFO 7948 --- [restartedMain] o.s.b.w.embedded.tomcat.TomcatWebServer  : Tomcat initialized with port(s): 8080 (http)
2021-08-09 15:15:34.264  INFO 7948 --- [restartedMain] o.apache.catalina.core.StandardService   : Starting service [Tomcat]
2021-08-09 15:15:34.264  INFO 7948 --- [restartedMain] org.apache.catalina.core.StandardEngine  : Starting Servlet engine: [Apache Tomcat/9.0.50]
2021-08-09 15:15:34.284  INFO 7948 --- [restartedMain] o.a.c.c.C.[Tomcat-1].[localhost].[/]     : Initializing Spring embedded WebApplicationContext
2021-08-09 15:15:34.284  INFO 7948 --- [restartedMain] w.s.c.ServletWebServerApplicationContext : Root WebApplicationContext: initialization completed in 118 ms
2021-08-09 15:15:34.315  INFO 7948 --- [restartedMain] o.s.b.d.a.OptionalLiveReloadServer       : LiveReload server is running on port 35729
2021-08-09 15:15:34.319  INFO 7948 --- [restartedMain] o.s.b.w.embedded.tomcat.TomcatWebServer  : Tomcat started on port(s): 8080 (http) with context path ''
2021-08-09 15:15:34.321  WARN 7948 --- [restartedMain] com.dogyun.chapter3.LoggingRunner        : WARN 로그 메시지
2021-08-09 15:15:34.322 ERROR 7948 --- [restartedMain] com.dogyun.chapter3.LoggingRunner        : ERROR 로그 메시지
2021-08-09 15:15:34.322  INFO 7948 --- [restartedMain] .ConditionEvaluationDeltaLoggingListener : Condition evaluation unchanged
